<?xml version="1.0" encoding="UTF-8"?>
<testng-results ignored="0" total="1" passed="1" failed="0" skipped="0">
  <reporter-output>
  </reporter-output>
  <suite started-at="2024-01-08T17:13:41 IST" name="Default suite" finished-at="2024-01-08T17:14:10 IST" duration-ms="29642">
    <groups>
    </groups>
    <test started-at="2024-01-08T17:13:41 IST" name="Default test" finished-at="2024-01-08T17:14:10 IST" duration-ms="29642">
      <class name="testngpackage.Datadriven">
        <test-method is-config="true" signature="beforetest()[pri:0, instance:testngpackage.Datadriven@7d4f9aae]" started-at="2024-01-08T17:13:41 IST" name="beforetest" finished-at="2024-01-08T17:13:43 IST" duration-ms="2763" status="PASS">
          <reporter-output>
          </reporter-output>
        </test-method> <!-- beforetest -->
        <test-method signature="datadriven()[pri:0, instance:testngpackage.Datadriven@7d4f9aae]" started-at="2024-01-08T17:13:43 IST" name="datadriven" finished-at="2024-01-08T17:14:10 IST" duration-ms="26854" status="PASS">
          <reporter-output>
          </reporter-output>
        </test-method> <!-- datadriven -->
      </class> <!-- testngpackage.Datadriven -->
    </test> <!-- Default test -->
  </suite> <!-- Default suite -->
</testng-results>
